lenik@drifter~/Desktop/deep-murasaki$ ./train_keras.py 
Using gpu device 0: GeForce GTX 970 (CNMeM is disabled)
Using Theano backend.
compiling...
Epoch 1/500
2576998/2576998 [==============================] - 57s - loss: 58.3720         
Epoch 2/500
2576998/2576998 [==============================] - 59s - loss: 3.2944      
Epoch 3/500
2576998/2576998 [==============================] - 62s - loss: 3.1499      
Epoch 4/500
2576998/2576998 [==============================] - 58s - loss: 3.0634      
Epoch 5/500
2576998/2576998 [==============================] - 59s - loss: 2.9920      
Epoch 6/500
2576998/2576998 [==============================] - 58s - loss: 2.9313      
Epoch 7/500
2576998/2576998 [==============================] - 58s - loss: 2.8819      
Epoch 8/500
2576998/2576998 [==============================] - 58s - loss: 2.8355      
Epoch 9/500
2576998/2576998 [==============================] - 59s - loss: 2.7854     ^T
Epoch 10/500
2576998/2576998 [==============================] - 58s - loss: 2.7397      
Epoch 11/500
2576998/2576998 [==============================] - 58s - loss: 2.6917      
Epoch 12/500
2576998/2576998 [==============================] - 59s - loss: 2.6462      
Epoch 13/500
2576998/2576998 [==============================] - 58s - loss: 2.5989      
Epoch 14/500
2576998/2576998 [==============================] - 58s - loss: 2.5525      
Epoch 15/500
2576998/2576998 [==============================] - 58s - loss: 2.5030      
Epoch 16/500
2576998/2576998 [==============================] - 58s - loss: 2.4572      
Epoch 17/500
2576998/2576998 [==============================] - 58s - loss: 2.4101      
Epoch 18/500
2576998/2576998 [==============================] - 58s - loss: 2.3614      
Epoch 19/500
2576998/2576998 [==============================] - 58s - loss: 2.3138      
Epoch 20/500
2576998/2576998 [==============================] - 58s - loss: 2.2679      
Epoch 21/500
2576998/2576998 [==============================] - 58s - loss: 2.2213      
Epoch 22/500
2576998/2576998 [==============================] - 58s - loss: 2.1760      
Epoch 23/500
2576998/2576998 [==============================] - 58s - loss: 2.1326      
Epoch 24/500
2576998/2576998 [==============================] - 58s - loss: 2.0880      
Epoch 25/500
2576998/2576998 [==============================] - 59s - loss: 2.0436      
Epoch 26/500
2576998/2576998 [==============================] - 58s - loss: 2.0037      
Epoch 27/500
2576998/2576998 [==============================] - 58s - loss: 1.9618      
Epoch 28/500
2576998/2576998 [==============================] - 58s - loss: 1.9228      
Epoch 29/500
2576998/2576998 [==============================] - 58s - loss: 1.8828      
Epoch 30/500
2576998/2576998 [==============================] - 58s - loss: 1.8439      
Epoch 31/500
2576998/2576998 [==============================] - 58s - loss: 1.8054      
Epoch 32/500
2576998/2576998 [==============================] - 58s - loss: 1.7698      
Epoch 33/500
2576998/2576998 [==============================] - 58s - loss: 1.7345      
Epoch 34/500
2576998/2576998 [==============================] - 58s - loss: 1.6997      
Epoch 35/500
2576998/2576998 [==============================] - 58s - loss: 1.6637      
Epoch 36/500
2576998/2576998 [==============================] - 58s - loss: 1.6305      
Epoch 37/500
2576998/2576998 [==============================] - 58s - loss: 1.6022      
Epoch 38/500
2576998/2576998 [==============================] - 58s - loss: 1.5705      
Epoch 39/500
2576998/2576998 [==============================] - 58s - loss: 1.5371      
Epoch 40/500
2576998/2576998 [==============================] - 58s - loss: 1.5085      
Epoch 41/500
2576998/2576998 [==============================] - 58s - loss: 1.4796      
Epoch 42/500
2576998/2576998 [==============================] - 58s - loss: 1.4503      
Epoch 43/500
2576998/2576998 [==============================] - 58s - loss: 1.4242      
Epoch 44/500
2576998/2576998 [==============================] - 58s - loss: 1.3969      
Epoch 45/500
2576998/2576998 [==============================] - 58s - loss: 1.3719      
Epoch 46/500
2576998/2576998 [==============================] - 58s - loss: 1.3463      
Epoch 47/500
2576998/2576998 [==============================] - 58s - loss: 1.3211      
Epoch 48/500
2576998/2576998 [==============================] - 58s - loss: 1.3007      
Epoch 49/500
2576998/2576998 [==============================] - 58s - loss: 1.2782      
Epoch 50/500
2576998/2576998 [==============================] - 58s - loss: 1.2575      
Epoch 51/500
2576998/2576998 [==============================] - 58s - loss: 1.2349      
Epoch 52/500
2576998/2576998 [==============================] - 61s - loss: 1.2122      
Epoch 53/500
2576998/2576998 [==============================] - 62s - loss: 1.1940      
Epoch 54/500
2576998/2576998 [==============================] - 62s - loss: 1.1762      
Epoch 55/500
2576998/2576998 [==============================] - 62s - loss: 1.1578      
Epoch 56/500
2576998/2576998 [==============================] - 62s - loss: 1.1412      
Epoch 57/500
2576998/2576998 [==============================] - 62s - loss: 1.1211      
Epoch 58/500
2576998/2576998 [==============================] - 62s - loss: 1.1074      
Epoch 59/500
2576998/2576998 [==============================] - 62s - loss: 1.0892      
Epoch 60/500
2576998/2576998 [==============================] - 62s - loss: 1.0746      
Epoch 61/500
2576998/2576998 [==============================] - 62s - loss: 1.0622      
Epoch 62/500
2576998/2576998 [==============================] - 62s - loss: 1.0486      
Epoch 63/500
2576998/2576998 [==============================] - 62s - loss: 1.0371      
Epoch 64/500
2576998/2576998 [==============================] - 62s - loss: 1.0231      
Epoch 65/500
2576998/2576998 [==============================] - 62s - loss: 1.0078      
Epoch 66/500
2576998/2576998 [==============================] - 62s - loss: 0.9978      
Epoch 67/500
2576998/2576998 [==============================] - 62s - loss: 0.9862       
Epoch 68/500
2576998/2576998 [==============================] - 62s - loss: 0.9752      
Epoch 69/500
2576998/2576998 [==============================] - 61s - loss: 0.9644      
Epoch 70/500
2576998/2576998 [==============================] - 61s - loss: 0.9553      
Epoch 71/500
2576998/2576998 [==============================] - 62s - loss: 0.9430      
Epoch 72/500
2576998/2576998 [==============================] - 61s - loss: 0.9318      
Epoch 73/500
2576998/2576998 [==============================] - 61s - loss: 0.9258      
Epoch 74/500
2576998/2576998 [==============================] - 62s - loss: 0.9163      
Epoch 75/500
2576998/2576998 [==============================] - 61s - loss: 0.9065      
Epoch 76/500
2576998/2576998 [==============================] - 61s - loss: 0.8984      
Epoch 77/500
2576998/2576998 [==============================] - 61s - loss: 0.8908      
Epoch 78/500
2576998/2576998 [==============================] - 61s - loss: 0.8791      
Epoch 79/500
2576998/2576998 [==============================] - 61s - loss: 0.8751      
Epoch 80/500
2576998/2576998 [==============================] - 61s - loss: 0.8658      
Epoch 81/500
2576998/2576998 [==============================] - 61s - loss: 0.8588      
Epoch 82/500
2576998/2576998 [==============================] - 62s - loss: 0.8540      
Epoch 83/500
2576998/2576998 [==============================] - 62s - loss: 0.8505      
Epoch 84/500
2576998/2576998 [==============================] - 62s - loss: 0.8423      
Epoch 85/500
2576998/2576998 [==============================] - 62s - loss: 0.8341      
Epoch 86/500
2576998/2576998 [==============================] - 61s - loss: 0.8261      
Epoch 87/500
2576998/2576998 [==============================] - 61s - loss: 0.8224      
Epoch 88/500
2576998/2576998 [==============================] - 61s - loss: 0.8146      
Epoch 89/500
2576998/2576998 [==============================] - 61s - loss: 0.8079      
Epoch 90/500
2576998/2576998 [==============================] - 61s - loss: 0.8048      
Epoch 91/500
2576998/2576998 [==============================] - 61s - loss: 0.7988      
Epoch 92/500
2576998/2576998 [==============================] - 61s - loss: 0.7943      
Epoch 93/500
2576998/2576998 [==============================] - 61s - loss: 0.7902      
Epoch 94/500
2576998/2576998 [==============================] - 61s - loss: 0.7820      
Epoch 95/500
2576998/2576998 [==============================] - 64s - loss: 0.7812      
Epoch 96/500
2576998/2576998 [==============================] - 65s - loss: 0.7774      
Epoch 97/500
2576998/2576998 [==============================] - 63s - loss: 0.7707      
Epoch 98/500
2576998/2576998 [==============================] - 64s - loss: 0.7666      
Epoch 99/500
2576998/2576998 [==============================] - 64s - loss: 0.7602      
Epoch 100/500
2576998/2576998 [==============================] - 65s - loss: 0.7590      
Epoch 101/500
2576998/2576998 [==============================] - 65s - loss: 0.7542      
Epoch 102/500
2576998/2576998 [==============================] - 65s - loss: 0.7515      
Epoch 103/500
2576998/2576998 [==============================] - 63s - loss: 0.7458      
Epoch 104/500
2576998/2576998 [==============================] - 62s - loss: 0.7422      
Epoch 105/500
2576998/2576998 [==============================] - 62s - loss: 0.7427      
Epoch 106/500
2576998/2576998 [==============================] - 62s - loss: 0.7401      
Epoch 107/500
2576998/2576998 [==============================] - 62s - loss: 0.7340      
Epoch 108/500
2576998/2576998 [==============================] - 61s - loss: 0.7303      
Epoch 109/500
2576998/2576998 [==============================] - 61s - loss: 0.7276      
Epoch 110/500
2576998/2576998 [==============================] - 62s - loss: 0.7222      
Epoch 111/500
2576998/2576998 [==============================] - 61s - loss: 0.7201      
Epoch 112/500
2576998/2576998 [==============================] - 61s - loss: 0.7184      
Epoch 113/500
2576998/2576998 [==============================] - 61s - loss: 0.7116      
Epoch 114/500
2576998/2576998 [==============================] - 62s - loss: 0.7108      
Epoch 115/500
2576998/2576998 [==============================] - 62s - loss: 0.7077      
Epoch 116/500
2576998/2576998 [==============================] - 62s - loss: 0.7022       
Epoch 117/500
2576998/2576998 [==============================] - 61s - loss: 0.6988      
Epoch 118/500
2576998/2576998 [==============================] - 61s - loss: 0.6989      
Epoch 119/500
2576998/2576998 [==============================] - 62s - loss: 0.6981      
Epoch 120/500
2576998/2576998 [==============================] - 62s - loss: 0.6961      
Epoch 121/500
2576998/2576998 [==============================] - 62s - loss: 0.6923      
Epoch 122/500
2576998/2576998 [==============================] - 62s - loss: 0.6905      
Epoch 123/500
2576998/2576998 [==============================] - 62s - loss: 0.6899      
Epoch 124/500
2576998/2576998 [==============================] - 62s - loss: 0.6866      
Epoch 125/500
2576998/2576998 [==============================] - 62s - loss: 0.6802      
Epoch 126/500
2576998/2576998 [==============================] - 62s - loss: 0.6788      
Epoch 127/500
2576998/2576998 [==============================] - 61s - loss: 0.6756      
Epoch 128/500
2576998/2576998 [==============================] - 61s - loss: 0.6750      
Epoch 129/500
2576998/2576998 [==============================] - 61s - loss: 0.6750      
Epoch 130/500
2576998/2576998 [==============================] - 61s - loss: 0.6724      
Epoch 131/500
2576998/2576998 [==============================] - 62s - loss: 0.6712       
Epoch 132/500
2576998/2576998 [==============================] - 61s - loss: 0.6687      
Epoch 133/500
2576998/2576998 [==============================] - 61s - loss: 0.6672      
Epoch 134/500
2576998/2576998 [==============================] - 61s - loss: 0.6658      
Epoch 135/500
2576998/2576998 [==============================] - 61s - loss: 0.6651      
Epoch 136/500
2576998/2576998 [==============================] - 61s - loss: 0.6619      
Epoch 137/500
2576998/2576998 [==============================] - 61s - loss: 0.6631      
Epoch 138/500
2576998/2576998 [==============================] - 61s - loss: 0.6576      
Epoch 139/500
2576998/2576998 [==============================] - 61s - loss: 0.6537      
Epoch 140/500
2576998/2576998 [==============================] - 61s - loss: 0.6516      
Epoch 141/500
2576998/2576998 [==============================] - 61s - loss: 0.6552      
Epoch 142/500
2576998/2576998 [==============================] - 62s - loss: 0.6490       
Epoch 143/500
2576998/2576998 [==============================] - 61s - loss: 0.6484      
Epoch 144/500
2576998/2576998 [==============================] - 61s - loss: 0.6465      
Epoch 145/500
2576998/2576998 [==============================] - 61s - loss: 0.6447      
Epoch 146/500
2576998/2576998 [==============================] - 61s - loss: 0.6399      
Epoch 147/500
2576998/2576998 [==============================] - 61s - loss: 0.6424      
Epoch 148/500
2576998/2576998 [==============================] - 61s - loss: 0.6396      
Epoch 149/500
2576998/2576998 [==============================] - 62s - loss: 0.6331      
Epoch 150/500
2576998/2576998 [==============================] - 61s - loss: 0.6344      
Epoch 151/500
2576998/2576998 [==============================] - 61s - loss: 0.6316      
Epoch 152/500
2576998/2576998 [==============================] - 61s - loss: 0.6321      
Epoch 153/500
2576998/2576998 [==============================] - 61s - loss: 0.6295      
Epoch 154/500
2576998/2576998 [==============================] - 61s - loss: 0.6287      
Epoch 155/500
2576998/2576998 [==============================] - 61s - loss: 0.6269      
Epoch 156/500
2576998/2576998 [==============================] - 61s - loss: 0.6263      
Epoch 157/500
2576998/2576998 [==============================] - 61s - loss: 0.6256      
Epoch 158/500
2576998/2576998 [==============================] - 61s - loss: 0.6275      
Epoch 159/500
2576998/2576998 [==============================] - 61s - loss: 0.6231      
Epoch 160/500
2576998/2576998 [==============================] - 61s - loss: 0.6234      
Epoch 161/500
2576998/2576998 [==============================] - 61s - loss: 0.6214      
Epoch 162/500
2576998/2576998 [==============================] - 61s - loss: 0.6188      
Epoch 163/500
2576998/2576998 [==============================] - 61s - loss: 0.6169      
Epoch 164/500
2576998/2576998 [==============================] - 61s - loss: 0.6179      
Epoch 165/500
2576998/2576998 [==============================] - 61s - loss: 0.6121      
Epoch 166/500
2576998/2576998 [==============================] - 61s - loss: 0.6148      
Epoch 167/500
2576998/2576998 [==============================] - 62s - loss: 0.6126      
Epoch 168/500
2576998/2576998 [==============================] - 61s - loss: 0.6099      
Epoch 169/500
2576998/2576998 [==============================] - 61s - loss: 0.6074      
Epoch 170/500
2576998/2576998 [==============================] - 61s - loss: 0.6063      
Epoch 171/500
2576998/2576998 [==============================] - 61s - loss: 0.6110      
Epoch 172/500
2576998/2576998 [==============================] - 61s - loss: 0.6099      
Epoch 173/500
2576998/2576998 [==============================] - 61s - loss: 0.6074      
Epoch 174/500
2576998/2576998 [==============================] - 61s - loss: 0.6081      
Epoch 175/500
2576998/2576998 [==============================] - 61s - loss: 0.6098      
Epoch 176/500
2576998/2576998 [==============================] - 61s - loss: 0.6076      
Epoch 177/500
2576998/2576998 [==============================] - 61s - loss: 0.6076      
Epoch 178/500
2576998/2576998 [==============================] - 61s - loss: 0.6015      
Epoch 179/500
2576998/2576998 [==============================] - 61s - loss: 0.5953      
Epoch 180/500
2576998/2576998 [==============================] - 61s - loss: 0.5989      
Epoch 181/500
2576998/2576998 [==============================] - 61s - loss: 0.5952      
Epoch 182/500
2576998/2576998 [==============================] - 61s - loss: 0.5923      
Epoch 183/500
2576998/2576998 [==============================] - 61s - loss: 0.5960      
Epoch 184/500
2576998/2576998 [==============================] - 61s - loss: 0.5946      
Epoch 185/500
2576998/2576998 [==============================] - 61s - loss: 0.5896      
Epoch 186/500
2576998/2576998 [==============================] - 62s - loss: 0.5922      
Epoch 187/500
2576998/2576998 [==============================] - 62s - loss: 0.5898       
Epoch 188/500
2576998/2576998 [==============================] - 62s - loss: 0.5906      
Epoch 189/500
2576998/2576998 [==============================] - 62s - loss: 0.5862      
Epoch 190/500
2576998/2576998 [==============================] - 62s - loss: 0.5923      
Epoch 191/500
2576998/2576998 [==============================] - 62s - loss: 0.5873      
Epoch 192/500
2576998/2576998 [==============================] - 62s - loss: 0.5821      
Epoch 193/500
2576998/2576998 [==============================] - 62s - loss: 0.5852      
Epoch 194/500
2576998/2576998 [==============================] - 62s - loss: 0.5885      
Epoch 195/500
2576998/2576998 [==============================] - 62s - loss: 0.5832      
Epoch 196/500
2576998/2576998 [==============================] - 61s - loss: 0.5860      
Epoch 197/500
2576998/2576998 [==============================] - 61s - loss: 0.5831      
Epoch 198/500
2576998/2576998 [==============================] - 62s - loss: 0.5808      
Epoch 199/500
2576998/2576998 [==============================] - 62s - loss: 0.5808      
Epoch 200/500
2576998/2576998 [==============================] - 62s - loss: 0.5791      
Epoch 201/500
2576998/2576998 [==============================] - 62s - loss: 0.5779      
Epoch 202/500
2576998/2576998 [==============================] - 62s - loss: 0.5768      
Epoch 203/500
2576998/2576998 [==============================] - 62s - loss: 0.5771       
Epoch 204/500
2576998/2576998 [==============================] - 62s - loss: 0.5780      
Epoch 205/500
2576998/2576998 [==============================] - 62s - loss: 0.5790      
Epoch 206/500
2576998/2576998 [==============================] - 62s - loss: 0.5717       
Epoch 207/500
2576998/2576998 [==============================] - 61s - loss: 0.5743      
Epoch 208/500
2576998/2576998 [==============================] - 62s - loss: 0.5736      
Epoch 209/500
2576998/2576998 [==============================] - 62s - loss: 0.5745      
Epoch 210/500
2576998/2576998 [==============================] - 62s - loss: 0.5723      
Epoch 211/500
2576998/2576998 [==============================] - 62s - loss: 0.5757      
Epoch 212/500
2576998/2576998 [==============================] - 61s - loss: 0.5748      
Epoch 213/500
2576998/2576998 [==============================] - 62s - loss: 0.5691      
Epoch 214/500
2576998/2576998 [==============================] - 62s - loss: 0.5672      
Epoch 215/500
2576998/2576998 [==============================] - 61s - loss: 0.5684      
Epoch 216/500
2576998/2576998 [==============================] - 62s - loss: 0.5702      
Epoch 217/500
2576998/2576998 [==============================] - 62s - loss: 0.5695      
Epoch 218/500
2576998/2576998 [==============================] - 62s - loss: 0.5654      
Epoch 219/500
2576998/2576998 [==============================] - 62s - loss: 0.5632       
Epoch 220/500
2576998/2576998 [==============================] - 62s - loss: 0.5699     
Epoch 221/500
2576998/2576998 [==============================] - 62s - loss: 0.5693      
Epoch 222/500
2576998/2576998 [==============================] - 62s - loss: 0.5642      
Epoch 223/500
2576998/2576998 [==============================] - 61s - loss: 0.5636      
Epoch 224/500
2576998/2576998 [==============================] - 62s - loss: 0.5607      
Epoch 225/500
2576998/2576998 [==============================] - 62s - loss: 0.5643      
Epoch 226/500
2576998/2576998 [==============================] - 62s - loss: 0.5631      
Epoch 227/500
2576998/2576998 [==============================] - 61s - loss: 0.5603      
Epoch 228/500
2576998/2576998 [==============================] - 62s - loss: 0.5578      
Epoch 229/500
2576998/2576998 [==============================] - 62s - loss: 0.5628      
Epoch 230/500
2576998/2576998 [==============================] - 62s - loss: 0.5604      
Epoch 231/500
2576998/2576998 [==============================] - 62s - loss: 0.5639      
Epoch 232/500
2576998/2576998 [==============================] - 62s - loss: 0.5628      
Epoch 233/500
2576998/2576998 [==============================] - 62s - loss: 0.5605      
Epoch 234/500
2576998/2576998 [==============================] - 62s - loss: 0.5584       
Epoch 235/500
2576998/2576998 [==============================] - 62s - loss: 0.5624      
Epoch 236/500
2576998/2576998 [==============================] - 62s - loss: 0.5575      
Epoch 237/500
2576998/2576998 [==============================] - 62s - loss: 0.5553      
Epoch 238/500
2576998/2576998 [==============================] - 62s - loss: 0.5555      
Epoch 239/500
2576998/2576998 [==============================] - 61s - loss: 0.5522      
Epoch 240/500
2576998/2576998 [==============================] - 61s - loss: 0.5500      
Epoch 241/500
2576998/2576998 [==============================] - 62s - loss: 0.5516       
Epoch 242/500
2576998/2576998 [==============================] - 61s - loss: 0.5538      
Epoch 243/500
2576998/2576998 [==============================] - 62s - loss: 0.5502      
Epoch 244/500
2576998/2576998 [==============================] - 62s - loss: 0.5504       
Epoch 245/500
2576998/2576998 [==============================] - 62s - loss: 0.5531      
Epoch 246/500
2576998/2576998 [==============================] - 61s - loss: 0.5520      
Epoch 247/500
2576998/2576998 [==============================] - 61s - loss: 0.5529      
Epoch 248/500
2576998/2576998 [==============================] - 61s - loss: 0.5506      
Epoch 249/500
2576998/2576998 [==============================] - 61s - loss: 0.5510      
Epoch 250/500
2576998/2576998 [==============================] - 62s - loss: 0.5487      
Epoch 251/500
2576998/2576998 [==============================] - 61s - loss: 0.5495      
Epoch 252/500
2576998/2576998 [==============================] - 61s - loss: 0.5498      
Epoch 253/500
2576998/2576998 [==============================] - 62s - loss: 0.5455      
Epoch 254/500
2576998/2576998 [==============================] - 62s - loss: 0.5438      
Epoch 255/500
2576998/2576998 [==============================] - 61s - loss: 0.5434      
Epoch 256/500
2576998/2576998 [==============================] - 61s - loss: 0.5502      
Epoch 257/500
2576998/2576998 [==============================] - 62s - loss: 0.5447      
Epoch 258/500
2576998/2576998 [==============================] - 61s - loss: 0.5483      
Epoch 259/500
2576998/2576998 [==============================] - 62s - loss: 0.5462      
Epoch 260/500
2576998/2576998 [==============================] - 62s - loss: 0.5413      
Epoch 261/500
2576998/2576998 [==============================] - 61s - loss: 0.5417      
Epoch 262/500
2576998/2576998 [==============================] - 61s - loss: 0.5422      
Epoch 263/500
2576998/2576998 [==============================] - 61s - loss: 0.5450      
Epoch 264/500
2576998/2576998 [==============================] - 62s - loss: 0.5400      
Epoch 265/500
2576998/2576998 [==============================] - 62s - loss: 0.5389      
Epoch 266/500
2576998/2576998 [==============================] - 62s - loss: 0.5412       
Epoch 267/500
2576998/2576998 [==============================] - 62s - loss: 0.5429      
Epoch 268/500
2576998/2576998 [==============================] - 62s - loss: 0.5412      
Epoch 269/500
2576998/2576998 [==============================] - 61s - loss: 0.5444      
Epoch 270/500
2576998/2576998 [==============================] - 62s - loss: 0.5443      
Epoch 271/500
2576998/2576998 [==============================] - 62s - loss: 0.5388      
Epoch 272/500
2576998/2576998 [==============================] - 60s - loss: 0.5388      
Epoch 273/500
2576998/2576998 [==============================] - 59s - loss: 0.5397      
Epoch 274/500
2576998/2576998 [==============================] - 58s - loss: 0.5396      
Epoch 275/500
2576998/2576998 [==============================] - 59s - loss: 0.5364      
Epoch 276/500
2576998/2576998 [==============================] - 59s - loss: 0.5383      
Epoch 277/500
2576998/2576998 [==============================] - 59s - loss: 0.5378      
Epoch 278/500
2576998/2576998 [==============================] - 58s - loss: 0.5369      
Epoch 279/500
2576998/2576998 [==============================] - 58s - loss: 0.5372      
Epoch 280/500
2576998/2576998 [==============================] - 58s - loss: 0.5376      
Epoch 281/500
2576998/2576998 [==============================] - 58s - loss: 0.5350      
Epoch 282/500
2576998/2576998 [==============================] - 58s - loss: 0.5343      
Epoch 283/500
2576998/2576998 [==============================] - 58s - loss: 0.5334      
Epoch 284/500
2576998/2576998 [==============================] - 59s - loss: 0.5305      
Epoch 285/500
2576998/2576998 [==============================] - 58s - loss: 0.5347      
Epoch 286/500
2576998/2576998 [==============================] - 58s - loss: 0.5319      
Epoch 287/500
2576998/2576998 [==============================] - 58s - loss: 0.5298      
Epoch 288/500
2576998/2576998 [==============================] - 58s - loss: 0.5319      
Epoch 289/500
2576998/2576998 [==============================] - 58s - loss: 0.5327      
Epoch 290/500
2576998/2576998 [==============================] - 58s - loss: 0.5321      
Epoch 291/500
2576998/2576998 [==============================] - 58s - loss: 0.5273      
Epoch 292/500
2576998/2576998 [==============================] - 58s - loss: 0.5270      
Epoch 293/500
2576998/2576998 [==============================] - 58s - loss: 0.5300      
Epoch 294/500
2576998/2576998 [==============================] - 59s - loss: 0.5327      
Epoch 295/500
2576998/2576998 [==============================] - 58s - loss: 0.5252      
Epoch 296/500
2576998/2576998 [==============================] - 58s - loss: 0.5284      
Epoch 297/500
2576998/2576998 [==============================] - 58s - loss: 0.5292      
Epoch 298/500
2576998/2576998 [==============================] - 58s - loss: 0.5301      
Epoch 299/500
2576998/2576998 [==============================] - 58s - loss: 0.5317      
Epoch 300/500
2576998/2576998 [==============================] - 58s - loss: 0.5316      
Epoch 301/500
2576998/2576998 [==============================] - 58s - loss: 0.5298      
Epoch 302/500
2576998/2576998 [==============================] - 58s - loss: 0.5264      
Epoch 303/500
2576998/2576998 [==============================] - 58s - loss: 0.5221      
Epoch 304/500
2576998/2576998 [==============================] - 58s - loss: 0.5195      
Epoch 305/500
2576998/2576998 [==============================] - 58s - loss: 0.5216      
Epoch 306/500
2576998/2576998 [==============================] - 58s - loss: 0.5220      
Epoch 307/500
2576998/2576998 [==============================] - 58s - loss: 0.5211      
Epoch 308/500
2576998/2576998 [==============================] - 58s - loss: 0.5220      
Epoch 309/500
2576998/2576998 [==============================] - 58s - loss: 0.5237      
Epoch 310/500
2576998/2576998 [==============================] - 58s - loss: 0.5231      
Epoch 311/500
2576998/2576998 [==============================] - 58s - loss: 0.5191      
Epoch 312/500
2576998/2576998 [==============================] - 58s - loss: 0.5218      
Epoch 313/500
2576998/2576998 [==============================] - 58s - loss: 0.5244      
Epoch 314/500
2576998/2576998 [==============================] - 58s - loss: 0.5244      
Epoch 315/500
2576998/2576998 [==============================] - 58s - loss: 0.5240      
Epoch 316/500
2576998/2576998 [==============================] - 58s - loss: 0.5247      
Epoch 317/500
2576998/2576998 [==============================] - 58s - loss: 0.5221      
Epoch 318/500
2576998/2576998 [==============================] - 58s - loss: 0.5243      
Epoch 319/500
2576998/2576998 [==============================] - 58s - loss: 0.5221      
Epoch 320/500
2576998/2576998 [==============================] - 58s - loss: 0.5226      
Epoch 321/500
2576998/2576998 [==============================] - 58s - loss: 0.5238      
Epoch 322/500
2576998/2576998 [==============================] - 58s - loss: 0.5227      
Epoch 323/500
2576998/2576998 [==============================] - 58s - loss: 0.5184      
Epoch 324/500
2576998/2576998 [==============================] - 58s - loss: 0.5175      
Epoch 325/500
2576998/2576998 [==============================] - 58s - loss: 0.5203      
Epoch 326/500
2576998/2576998 [==============================] - 58s - loss: 0.5173      
Epoch 327/500
2576998/2576998 [==============================] - 58s - loss: 0.5206      
Epoch 328/500
2576998/2576998 [==============================] - 58s - loss: 0.5186      
Epoch 329/500
2576998/2576998 [==============================] - 58s - loss: 0.5165      
Epoch 330/500
2576998/2576998 [==============================] - 58s - loss: 0.5140      
Epoch 331/500
2576998/2576998 [==============================] - 58s - loss: 0.5143      
Epoch 332/500
2576998/2576998 [==============================] - 58s - loss: 0.5160      
Epoch 333/500
2576998/2576998 [==============================] - 58s - loss: 0.5171      
Epoch 334/500
2576998/2576998 [==============================] - 58s - loss: 0.5169      
Epoch 335/500
2576998/2576998 [==============================] - 58s - loss: 0.5118      
Epoch 336/500
2576998/2576998 [==============================] - 58s - loss: 0.5146      
Epoch 337/500
2576998/2576998 [==============================] - 58s - loss: 0.5164      
Epoch 338/500
2576998/2576998 [==============================] - 58s - loss: 0.5183      
Epoch 339/500
2576998/2576998 [==============================] - 58s - loss: 0.5119      
Epoch 340/500
2576998/2576998 [==============================] - 58s - loss: 0.5148      
Epoch 341/500
2576998/2576998 [==============================] - 58s - loss: 0.5174      
Epoch 342/500
2576998/2576998 [==============================] - 58s - loss: 0.5172      
Epoch 343/500
2576998/2576998 [==============================] - 58s - loss: 0.5153      
Epoch 344/500
2576998/2576998 [==============================] - 58s - loss: 0.5166      
Epoch 345/500
2576998/2576998 [==============================] - 58s - loss: 0.5191      
Epoch 346/500
2576998/2576998 [==============================] - 58s - loss: 0.5187      
Epoch 347/500
2576998/2576998 [==============================] - 58s - loss: 0.5146      
Epoch 348/500
2576998/2576998 [==============================] - 58s - loss: 0.5125      
Epoch 349/500
2576998/2576998 [==============================] - 58s - loss: 0.5136      
Epoch 350/500
2576998/2576998 [==============================] - 58s - loss: 0.5185      
Epoch 351/500
2576998/2576998 [==============================] - 58s - loss: 0.5151      
Epoch 352/500
2576998/2576998 [==============================] - 58s - loss: 0.5123      
Epoch 353/500
2576998/2576998 [==============================] - 58s - loss: 0.5114      
Epoch 354/500
2576998/2576998 [==============================] - 58s - loss: 0.5100      
Epoch 355/500
2576998/2576998 [==============================] - 58s - loss: 0.5070      
Epoch 356/500
2576998/2576998 [==============================] - 58s - loss: 0.5093      
Epoch 357/500
2576998/2576998 [==============================] - 58s - loss: 0.5105      
Epoch 358/500
2576998/2576998 [==============================] - 58s - loss: 0.5118      
Epoch 359/500
2576998/2576998 [==============================] - 58s - loss: 0.5096      
Epoch 360/500
2576998/2576998 [==============================] - 58s - loss: 0.5047      
Epoch 361/500
2576998/2576998 [==============================] - 58s - loss: 0.5116      
Epoch 362/500
2576998/2576998 [==============================] - 58s - loss: 0.5125      
Epoch 363/500
2576998/2576998 [==============================] - 59s - loss: 0.5087      
Epoch 364/500
2576998/2576998 [==============================] - 58s - loss: 0.5074      
Epoch 365/500
2576998/2576998 [==============================] - 58s - loss: 0.5081      
Epoch 366/500
2576998/2576998 [==============================] - 58s - loss: 0.5068      
Epoch 367/500
2576998/2576998 [==============================] - 58s - loss: 0.5083      
Epoch 368/500
2576998/2576998 [==============================] - 58s - loss: 0.5106      
Epoch 369/500
2576998/2576998 [==============================] - 58s - loss: 0.5095      
Epoch 370/500
2576998/2576998 [==============================] - 58s - loss: 0.5052      
Epoch 371/500
2576998/2576998 [==============================] - 58s - loss: 0.5031      
Epoch 372/500
2576998/2576998 [==============================] - 58s - loss: 0.5030      
Epoch 373/500
2576998/2576998 [==============================] - 58s - loss: 0.5021      
Epoch 374/500
2576998/2576998 [==============================] - 58s - loss: 0.5019      
Epoch 375/500
2576998/2576998 [==============================] - 58s - loss: 0.5035      
Epoch 376/500
2576998/2576998 [==============================] - 58s - loss: 0.5045      
Epoch 377/500
2576998/2576998 [==============================] - 58s - loss: 0.5051      
Epoch 378/500
2576998/2576998 [==============================] - 58s - loss: 0.5052      
Epoch 379/500
2576998/2576998 [==============================] - 58s - loss: 0.5071      
Epoch 380/500
2576998/2576998 [==============================] - 58s - loss: 0.5068      
Epoch 381/500
2576998/2576998 [==============================] - 58s - loss: 0.5051      
Epoch 382/500
2576998/2576998 [==============================] - 58s - loss: 0.5058      
Epoch 383/500
2576998/2576998 [==============================] - 58s - loss: 0.5034      
Epoch 384/500
2576998/2576998 [==============================] - 58s - loss: 0.5013      
Epoch 385/500
2576998/2576998 [==============================] - 58s - loss: 0.5010      
Epoch 386/500
2576998/2576998 [==============================] - 58s - loss: 0.5045      
Epoch 387/500
2576998/2576998 [==============================] - 58s - loss: 0.5063      
Epoch 388/500
2576998/2576998 [==============================] - 58s - loss: 0.5082      
Epoch 389/500
2576998/2576998 [==============================] - 58s - loss: 0.5025      
Epoch 390/500
2576998/2576998 [==============================] - 58s - loss: 0.5051      
Epoch 391/500
2576998/2576998 [==============================] - 58s - loss: 0.5008      
Epoch 392/500
2576998/2576998 [==============================] - 58s - loss: 0.5022      
Epoch 393/500
2576998/2576998 [==============================] - 58s - loss: 0.4991      
Epoch 394/500
2576998/2576998 [==============================] - 58s - loss: 0.4959      
Epoch 395/500
2576998/2576998 [==============================] - 58s - loss: 0.4996      
Epoch 396/500
2576998/2576998 [==============================] - 58s - loss: 0.5038      
Epoch 397/500
2576998/2576998 [==============================] - 58s - loss: 0.5018      
Epoch 398/500
2576998/2576998 [==============================] - 58s - loss: 0.5005      
Epoch 399/500
2576998/2576998 [==============================] - 58s - loss: 0.5034      
Epoch 400/500
2576998/2576998 [==============================] - 58s - loss: 0.4999      
Epoch 401/500
2576998/2576998 [==============================] - 58s - loss: 0.4979      
Epoch 402/500
2576998/2576998 [==============================] - 58s - loss: 0.4943      
Epoch 403/500
2576998/2576998 [==============================] - 58s - loss: 0.4943      
Epoch 404/500
2576998/2576998 [==============================] - 58s - loss: 0.4968      
Epoch 405/500
2576998/2576998 [==============================] - 58s - loss: 0.4984      
Epoch 406/500
2576998/2576998 [==============================] - 58s - loss: 0.5001      
Epoch 407/500
2576998/2576998 [==============================] - 58s - loss: 0.5001      
Epoch 408/500
2576998/2576998 [==============================] - 58s - loss: 0.5011      
Epoch 409/500
2576998/2576998 [==============================] - 58s - loss: 0.5042      
Epoch 410/500
2576998/2576998 [==============================] - 58s - loss: 0.4996      
Epoch 411/500
2576998/2576998 [==============================] - 58s - loss: 0.5010      
Epoch 412/500
2576998/2576998 [==============================] - 58s - loss: 0.4971      
Epoch 413/500
2576998/2576998 [==============================] - 58s - loss: 0.4964      
Epoch 414/500
2576998/2576998 [==============================] - 58s - loss: 0.4988      
Epoch 415/500
2576998/2576998 [==============================] - 58s - loss: 0.5005      
Epoch 416/500
2576998/2576998 [==============================] - 59s - loss: 0.4981      
Epoch 417/500
2576998/2576998 [==============================] - 59s - loss: 0.4986      
Epoch 418/500
2576998/2576998 [==============================] - 59s - loss: 0.5017      
Epoch 419/500
2576998/2576998 [==============================] - 58s - loss: 0.5022      
Epoch 420/500
2576998/2576998 [==============================] - 58s - loss: 0.5011      
Epoch 421/500
2576998/2576998 [==============================] - 59s - loss: 0.5030      
Epoch 422/500
2576998/2576998 [==============================] - 58s - loss: 0.4990      
Epoch 423/500
2576998/2576998 [==============================] - 58s - loss: 0.4973      
Epoch 424/500
2576998/2576998 [==============================] - 58s - loss: 0.4948      
Epoch 425/500
2576998/2576998 [==============================] - 58s - loss: 0.4984      
Epoch 426/500
2576998/2576998 [==============================] - 58s - loss: 0.5000      
Epoch 427/500
2576998/2576998 [==============================] - 59s - loss: 0.4980      
Epoch 428/500
2576998/2576998 [==============================] - 59s - loss: 0.5030      
Epoch 429/500
2576998/2576998 [==============================] - 58s - loss: 0.5046      
Epoch 430/500
2576998/2576998 [==============================] - 58s - loss: 0.4956      
Epoch 431/500
2576998/2576998 [==============================] - 58s - loss: 0.4946      
Epoch 432/500
2576998/2576998 [==============================] - 58s - loss: 0.4997      
Epoch 433/500
2576998/2576998 [==============================] - 58s - loss: 0.4957      
Epoch 434/500
2576998/2576998 [==============================] - 58s - loss: 0.4930      
Epoch 435/500
2576998/2576998 [==============================] - 58s - loss: 0.4911      
Epoch 436/500
2576998/2576998 [==============================] - 58s - loss: 0.4926      
Epoch 437/500
2576998/2576998 [==============================] - 58s - loss: 0.4956      
Epoch 438/500
2576998/2576998 [==============================] - 58s - loss: 0.4979      
Epoch 439/500
2576998/2576998 [==============================] - 58s - loss: 0.4931      
Epoch 440/500
2576998/2576998 [==============================] - 58s - loss: 0.4915      
Epoch 441/500
2576998/2576998 [==============================] - 58s - loss: 0.4899      
Epoch 442/500
2576998/2576998 [==============================] - 58s - loss: 0.4889      
Epoch 443/500
2576998/2576998 [==============================] - 58s - loss: 0.4911      
Epoch 444/500
2576998/2576998 [==============================] - 58s - loss: 0.4903      
Epoch 445/500
2576998/2576998 [==============================] - 58s - loss: 0.4919      
Epoch 446/500
2576998/2576998 [==============================] - 58s - loss: 0.4857      
Epoch 447/500
2576998/2576998 [==============================] - 58s - loss: 0.4844      
Epoch 448/500
2576998/2576998 [==============================] - 58s - loss: 0.4912      
Epoch 449/500
2576998/2576998 [==============================] - 58s - loss: 0.4922      
Epoch 450/500
2576998/2576998 [==============================] - 58s - loss: 0.4945      
Epoch 451/500
2576998/2576998 [==============================] - 58s - loss: 0.4958      
Epoch 452/500
2576998/2576998 [==============================] - 58s - loss: 0.4967      
Epoch 453/500
2576998/2576998 [==============================] - 59s - loss: 0.4982      
Epoch 454/500
2576998/2576998 [==============================] - 58s - loss: 0.4924      
Epoch 455/500
2576998/2576998 [==============================] - 59s - loss: 0.4874      
Epoch 456/500
2576998/2576998 [==============================] - 58s - loss: 0.4907      
Epoch 457/500
2576998/2576998 [==============================] - 58s - loss: 0.4886      
Epoch 458/500
2576998/2576998 [==============================] - 58s - loss: 0.4908      
Epoch 459/500
2576998/2576998 [==============================] - 58s - loss: 0.4902      
Epoch 460/500
2576998/2576998 [==============================] - 58s - loss: 0.4872      
Epoch 461/500
2576998/2576998 [==============================] - 58s - loss: 0.4909      
Epoch 462/500
2576998/2576998 [==============================] - 58s - loss: 0.4871      
Epoch 463/500
2576998/2576998 [==============================] - 59s - loss: 0.4892      
Epoch 464/500
2576998/2576998 [==============================] - 58s - loss: 0.4918      
Epoch 465/500
2576998/2576998 [==============================] - 58s - loss: 0.4950      
Epoch 466/500
2576998/2576998 [==============================] - 58s - loss: 0.4918      
Epoch 467/500
2576998/2576998 [==============================] - 58s - loss: 0.4934      
Epoch 468/500
2576998/2576998 [==============================] - 58s - loss: 0.4907      
Epoch 469/500
2576998/2576998 [==============================] - 58s - loss: 0.4895      
Epoch 470/500
2576998/2576998 [==============================] - 58s - loss: 0.4919      
Epoch 471/500
2576998/2576998 [==============================] - 58s - loss: 0.4923      
Epoch 472/500
2576998/2576998 [==============================] - 58s - loss: 0.4928      
Epoch 473/500
2576998/2576998 [==============================] - 58s - loss: 0.4924      
Epoch 474/500
2576998/2576998 [==============================] - 58s - loss: 0.4901      
Epoch 475/500
2576998/2576998 [==============================] - 58s - loss: 0.4874      
Epoch 476/500
2576998/2576998 [==============================] - 58s - loss: 0.4886      
Epoch 477/500
2576998/2576998 [==============================] - 58s - loss: 0.4871      
Epoch 478/500
2576998/2576998 [==============================] - 59s - loss: 0.4825      
Epoch 479/500
2576998/2576998 [==============================] - 58s - loss: 0.4838      
Epoch 480/500
2576998/2576998 [==============================] - 59s - loss: 0.4868      
Epoch 481/500
2576998/2576998 [==============================] - 59s - loss: 0.4893      
Epoch 482/500
2576998/2576998 [==============================] - 58s - loss: 0.4873      
Epoch 483/500
2576998/2576998 [==============================] - 58s - loss: 0.4896      
Epoch 484/500
2576998/2576998 [==============================] - 58s - loss: 0.4938      
Epoch 485/500
2576998/2576998 [==============================] - 58s - loss: 0.4910      
Epoch 486/500
2576998/2576998 [==============================] - 58s - loss: 0.4888      
Epoch 487/500
2576998/2576998 [==============================] - 58s - loss: 0.4859      
Epoch 488/500
2576998/2576998 [==============================] - 58s - loss: 0.4862      
Epoch 489/500
2576998/2576998 [==============================] - 59s - loss: 0.4878      
Epoch 490/500
2576998/2576998 [==============================] - 58s - loss: 0.4846      
Epoch 491/500
2576998/2576998 [==============================] - 58s - loss: 0.4852      
Epoch 492/500
2576998/2576998 [==============================] - 58s - loss: 0.4857      
Epoch 493/500
2576998/2576998 [==============================] - 58s - loss: 0.4827      
Epoch 494/500
2576998/2576998 [==============================] - 58s - loss: 0.4850      
Epoch 495/500
2576998/2576998 [==============================] - 58s - loss: 0.4893      
Epoch 496/500
2576998/2576998 [==============================] - 58s - loss: 0.4896      
Epoch 497/500
2576998/2576998 [==============================] - 58s - loss: 0.4900      
Epoch 498/500
2576998/2576998 [==============================] - 58s - loss: 0.4911      
Epoch 499/500
2576998/2576998 [==============================] - 58s - loss: 0.4903      
Epoch 500/500
2576998/2576998 [==============================] - 58s - loss: 0.4910      
[[4 4 3 5]
 [3 8 3 6]
 [5 2 2 5]
 [5 8 4 7]
 [3 4 4 6]
 [7 8 5 7]
 [4 2 3 4]
 [4 7 3 5]
 [6 3 4 2]
 [2 4 4 2]
 [1 4 3 5]
 [2 6 2 4]
 [3 3 1 4]
 [6 8 3 5]
 [5 3 4 4]
 [3 5 4 4]
 [3 1 4 2]
 [4 5 3 4]
 [5 1 7 1]
 [1 8 3 8]]
[[ 2.55091333  3.51815438  3.33235216  4.14515448]
 [ 3.04355812  6.78390598  3.09988165  6.06519842]
 [ 5.09476757  1.12761307  2.786587    2.63562441]
 [ 4.60391521  8.14026928  3.66352987  6.11040592]
 [ 2.82292604  4.0883646   2.4582777   4.91905451]
 [ 6.28122568  6.91842461  5.02637959  5.20572853]
 [ 3.36769629  2.87295437  2.61717319  3.57078314]
 [ 2.91338015  7.01736259  3.0866518   4.89686441]
 [ 5.97147083  2.63921213  5.20363235  2.39807796]
 [ 2.10871553  3.27787232  3.19258189  2.06204343]
 [ 1.09986639  2.95643473  2.01480126  4.70332623]
 [ 2.57313395  6.01060057  2.7264204   4.46761847]
 [ 4.0098753   2.04631567  1.90991449  2.78482008]
 [ 4.86909485  6.8880887   4.2459197   5.32041407]
 [ 3.79327583  2.73349094  3.91592026  4.08679867]
 [ 2.60472393  5.01332664  3.53149104  3.668365  ]
 [ 3.83422637  1.99209118  3.86059237  3.03478909]
 [ 2.68492556  4.99119568  3.03257418  4.01871777]
 [ 4.97045088  0.80353022  7.07414579  0.82435894]
 [ 0.91905761  7.53552532  2.73575354  7.50677681]]
lenik@drifter~/Desktop/deep-murasaki$
